<?xml version="1.0" encoding="UTF-8"?>
<testsuite name="com.bridgelabz.EmployeePayrollServicesTest" tests="1" skipped="0" failures="0" errors="0" timestamp="2021-06-26T05:57:35" hostname="DESKTOP-T1B6V6K" time="2.851">
  <properties/>
  <testcase name="givenNewEmployee_WhenAdded_ShouldSyncWithDB" classname="com.bridgelabz.EmployeePayrollServicesTest" time="2.851"/>
  <system-out><![CDATA[Connecting to database:jdbc:mysql://localhost:3306/payroll_service?useSSl=false
Connection is successful!!!!!! com.mysql.cj.jdbc.ConnectionImpl@5136fe8c
Connecting to database:jdbc:mysql://localhost:3306/payroll_service?useSSl=false
Connection is successful!!!!!! com.mysql.cj.jdbc.ConnectionImpl@5597e24d
Connecting to database:jdbc:mysql://localhost:3306/payroll_service?useSSl=false
Connection is successful!!!!!! com.mysql.cj.jdbc.ConnectionImpl@5fda65b2
]]></system-out>
  <system-err><![CDATA[]]></system-err>
</testsuite>
