<?xml version="1.0" encoding="UTF-8"?>
<testsuite name="com.bridgelabz.EmployeePayrollServicesTest" tests="1" skipped="0" failures="0" errors="0" timestamp="2021-06-28T06:49:30" hostname="DESKTOP-T1B6V6K" time="2.698">
  <properties/>
  <testcase name="given6Employee_WhenAddedToDB_ShouldMatchEmployeeEntries" classname="com.bridgelabz.EmployeePayrollServicesTest" time="2.698"/>
  <system-out><![CDATA[Processing Thread: Test workerConnection to database with Id:1
Processing Thread: Test worker Id: 1Connection is successful!!!!!!!!com.mysql.cj.jdbc.ConnectionImpl@5922656d
Employee Being Added : Jeff Bezos
Processing Thread: Test workerConnection to database with Id:2
Processing Thread: Test worker Id: 2Connection is successful!!!!!!!!com.mysql.cj.jdbc.ConnectionImpl@14ee5cd4
Employee Added: Jeff Bezos
Employee Being Added : Bill Gates
Processing Thread: Test workerConnection to database with Id:3
Processing Thread: Test worker Id: 3Connection is successful!!!!!!!!com.mysql.cj.jdbc.ConnectionImpl@c4fe046
Employee Added: Bill Gates
Employee Being Added : Mark Zuckerberg
Processing Thread: Test workerConnection to database with Id:4
Processing Thread: Test worker Id: 4Connection is successful!!!!!!!!com.mysql.cj.jdbc.ConnectionImpl@103cd77f
Employee Added: Mark Zuckerberg
Employee Being Added : Sunder
Processing Thread: Test workerConnection to database with Id:5
Processing Thread: Test worker Id: 5Connection is successful!!!!!!!!com.mysql.cj.jdbc.ConnectionImpl@2c1e529a
Employee Added: Sunder
Employee Being Added : Mukesh
Processing Thread: Test workerConnection to database with Id:6
Processing Thread: Test worker Id: 6Connection is successful!!!!!!!!com.mysql.cj.jdbc.ConnectionImpl@4959d2c7
Employee Added: Mukesh
Employee Being Added : Anil
Processing Thread: Test workerConnection to database with Id:7
Processing Thread: Test worker Id: 7Connection is successful!!!!!!!!com.mysql.cj.jdbc.ConnectionImpl@963a03e
Employee Added: Anil
[EmployeePayrollData{id=2, name='Charlie', salary=1000000.0}, EmployeePayrollData{id=3, name='Terisa', salary=3000000.0}, EmployeePayrollData{id=4, name='Bill', salary=3000000.0}, EmployeePayrollData{id=35, name='Jeff Bezos', salary=100000.0}, EmployeePayrollData{id=36, name='Bill Gates', salary=200000.0}, EmployeePayrollData{id=37, name='Mark Zuckerberg', salary=300000.0}, EmployeePayrollData{id=38, name='Sunder', salary=400000.0}, EmployeePayrollData{id=39, name='Mukesh', salary=500000.0}, EmployeePayrollData{id=40, name='Anil', salary=600000.0}, EmployeePayrollData{id=104, name='Jeff Bezos', salary=100000.0}, EmployeePayrollData{id=105, name='Bill Gates', salary=200000.0}, EmployeePayrollData{id=106, name='Mark Zuckerberg', salary=300000.0}, EmployeePayrollData{id=107, name='Sunder', salary=400000.0}, EmployeePayrollData{id=108, name='Mukesh', salary=500000.0}, EmployeePayrollData{id=109, name='Anil', salary=600000.0}]
Duration without Thread: PT1.9814883S
[EmployeePayrollData{id=2, name='Charlie', salary=1000000.0}, EmployeePayrollData{id=3, name='Terisa', salary=3000000.0}, EmployeePayrollData{id=4, name='Bill', salary=3000000.0}, EmployeePayrollData{id=35, name='Jeff Bezos', salary=100000.0}, EmployeePayrollData{id=36, name='Bill Gates', salary=200000.0}, EmployeePayrollData{id=37, name='Mark Zuckerberg', salary=300000.0}, EmployeePayrollData{id=38, name='Sunder', salary=400000.0}, EmployeePayrollData{id=39, name='Mukesh', salary=500000.0}, EmployeePayrollData{id=40, name='Anil', salary=600000.0}, EmployeePayrollData{id=104, name='Jeff Bezos', salary=100000.0}, EmployeePayrollData{id=105, name='Bill Gates', salary=200000.0}, EmployeePayrollData{id=106, name='Mark Zuckerberg', salary=300000.0}, EmployeePayrollData{id=107, name='Sunder', salary=400000.0}, EmployeePayrollData{id=108, name='Mukesh', salary=500000.0}, EmployeePayrollData{id=109, name='Anil', salary=600000.0}]
Duration with Thread: PT0.0029981S
]]></system-out>
  <system-err><![CDATA[]]></system-err>
</testsuite>
