<?xml version="1.0" encoding="UTF-8"?>
<testsuite name="com.bridgelabz.EmployeePayrollServicesTest" tests="1" skipped="0" failures="0" errors="0" timestamp="2021-06-29T17:45:40" hostname="DESKTOP-T1B6V6K" time="7.47">
  <properties/>
  <testcase name="givenListOfEmployee_WhenAdded_ShouldMatch201ResponseAndCount" classname="com.bridgelabz.EmployeePayrollServicesTest" time="7.47"/>
  <system-out><![CDATA[EMPLOYEE PAYROLL ENTRIES IN JSONServer:
[
  {
    "id": 1,
    "name": "Mark",
    "salary": 10000
  },
  {
    "id": 2,
    "name": "Bill",
    "salary": 20000
  },
  {
    "id": 3,
    "name": "Mark Zuckerberg",
    "gender": "M",
    "salary": 300000,
    "startDate": {
      "year": 2021,
      "month": 6,
      "day": 29
    }
  }
]
]]></system-out>
  <system-err><![CDATA[]]></system-err>
</testsuite>
