<?xml version="1.0" encoding="UTF-8"?>
<testsuite name="com.bridgelabz.EmployeePayrollServicesTest" tests="1" skipped="0" failures="0" errors="0" timestamp="2021-06-29T16:20:28" hostname="DESKTOP-T1B6V6K" time="11.121">
  <properties/>
  <testcase name="givenEmployeeDataInJSONServer_WhenRetrieved_ShouldMatchTheCount" classname="com.bridgelabz.EmployeePayrollServicesTest" time="11.121"/>
  <system-out><![CDATA[EMPLOYEE PAYROLL ENTRIES IN JSONServer:
[
  {
    "id": 1,
    "name": "Mark",
    "salary": 10000
  },
  {
    "id": 2,
    "name": "Bill",
    "salary": 20000
  }
]
]]></system-out>
  <system-err><![CDATA[]]></system-err>
</testsuite>
