<?xml version="1.0" encoding="UTF-8"?>
<testsuite name="com.bridgelabz.EmployeePayrollServicesTest" tests="1" skipped="0" failures="0" errors="0" timestamp="2021-06-29T18:23:02" hostname="DESKTOP-T1B6V6K" time="8.243">
  <properties/>
  <testcase name="givenEmployeeToDelete_WhenDeleted_ShouldMatch200ResponseAndCount" classname="com.bridgelabz.EmployeePayrollServicesTest" time="8.243"/>
  <system-out><![CDATA[EMPLOYEE PAYROLL ENTRIES IN JSONServer:
[
  {
    "id": 1,
    "name": "Mark",
    "salary": 10000
  },
  {
    "id": 2,
    "name": "Bill",
    "salary": 20000
  },
  {
    "id": 3,
    "name": "Mark Zuckerberg",
    "gender": "M",
    "salary": 300000,
    "startDate": {
      "year": 2021,
      "month": 6,
      "day": 29
    }
  },
  {
    "id": 4,
    "name": "Sunder",
    "gender": "M",
    "salary": 600000,
    "startDate": {
      "year": 2021,
      "month": 6,
      "day": 29
    }
  },
  {
    "id": 5,
    "name": "Mukesh",
    "gender": "M",
    "salary": 1000000,
    "startDate": {
      "year": 2021,
      "month": 6,
      "day": 29
    }
  },
  {
    "id": 6,
    "name": "Anil",
    "gender": "M",
    "salary": 300000,
    "startDate": {
      "year": 2021,
      "month": 6,
      "day": 29
    }
  }
]
]]></system-out>
  <system-err><![CDATA[]]></system-err>
</testsuite>
